#
# There is insufficient memory for the Java Runtime Environment to continue.
# Native memory allocation (malloc) failed to allocate 2027696 bytes for Chunk::new
# Possible reasons:
#   The system is out of physical RAM or swap space
#   The process is running with CompressedOops enabled, and the Java Heap may be blocking the growth of the native heap
# Possible solutions:
#   Reduce memory load on the system
#   Increase physical memory or swap space
#   Check if swap backing store is full
#   Decrease Java heap size (-Xmx/-Xms)
#   Decrease number of Java threads
#   Decrease Java thread stack sizes (-Xss)
#   Set larger code cache with -XX:ReservedCodeCacheSize=
#   JVM is running with Unscaled Compressed Oops mode in which the Java heap is
#     placed in the first 4GB address space. The Java Heap base address is the
#     maximum limit for the native heap growth. Please use -XX:HeapBaseMinAddress
#     to set the Java Heap base and to place the Java Heap above 4GB virtual address.
# This output file may be truncated or incomplete.
#
#  Out of Memory Error (./open/src/hotspot/share/memory/arena.cpp:197), pid=32420, tid=26788
#
# JRE version: Java(TM) SE Runtime Environment 18.9 (11.0.18+9) (build 11.0.18+9-LTS-195)
# Java VM: Java HotSpot(TM) 64-Bit Server VM 18.9 (11.0.18+9-LTS-195, mixed mode, tiered, compressed oops, g1 gc, windows-amd64)
# No core dump will be written. Minidumps are not enabled by default on client versions of Windows
#

---------------  S U M M A R Y ------------

Command Line: -XX:MaxMetaspaceSize=512m --add-opens=java.base/java.util=ALL-UNNAMED --add-opens=java.base/java.lang=ALL-UNNAMED --add-opens=java.base/java.lang.invoke=ALL-UNNAMED --add-opens=java.prefs/java.util.prefs=ALL-UNNAMED --add-opens=java.base/java.nio.charset=ALL-UNNAMED --add-opens=java.base/java.net=ALL-UNNAMED --add-opens=java.base/java.util.concurrent.atomic=ALL-UNNAMED -Xmx2048m -Dfile.encoding=windows-1252 -Duser.country=US -Duser.language=en -Duser.variant org.gradle.launcher.daemon.bootstrap.GradleDaemon 8.0.1

Host: Intel(R) Core(TM) i5-10210U CPU @ 1.60GHz, 8 cores, 7G,  Windows 10 , 64 bit Build 19041 (10.0.19041.3636)
Time: Sun Dec  3 02:41:34 2023 W. Central Africa Standard Time elapsed time: 22.764264 seconds (0d 0h 0m 22s)

---------------  T H R E A D  ---------------

Current thread (0x000001cd7cc3f000):  JavaThread "C2 CompilerThread1" daemon [_thread_in_native, id=26788, stack(0x0000004536d00000,0x0000004536e00000)]


Current CompileTask:
C2:  22764 2794       4       jdk.internal.loader.URLClassPath::getResource (74 bytes)

Stack: [0x0000004536d00000,0x0000004536e00000]
Native frames: (J=compiled Java code, j=interpreted, Vv=VM code, C=native code)
V  [jvm.dll+0x65d8aa]
V  [jvm.dll+0x79fc1f]
V  [jvm.dll+0x7a12e9]
V  [jvm.dll+0x7a1983]
V  [jvm.dll+0x2585b5]
V  [jvm.dll+0xb284c]
V  [jvm.dll+0xb2e0c]
V  [jvm.dll+0x365e21]
V  [jvm.dll+0x32eb15]
V  [jvm.dll+0x32defa]
V  [jvm.dll+0x2113ad]
V  [jvm.dll+0x210378]
V  [jvm.dll+0x18c641]
V  [jvm.dll+0x220609]
V  [jvm.dll+0x21e92c]
V  [jvm.dll+0x763f61]
V  [jvm.dll+0x75c924]
V  [jvm.dll+0x65c755]
C  [ucrtbase.dll+0x21bb2]
C  [KERNEL32.DLL+0x17344]
C  [ntdll.dll+0x526b1]


---------------  P R O C E S S  ---------------

Threads class SMR info:
_java_thread_list=0x000001cd7e378c80, length=32, elements={
0x000001cd5e2e6000, 0x000001cd7cb4b800, 0x000001cd7cb4e800, 0x000001cd7cb63000,
0x000001cd7cb65000, 0x000001cd7cb66800, 0x000001cd7cbaf800, 0x000001cd7cbb4800,
0x000001cd7cbb7800, 0x000001cd7cd2c800, 0x000001cd7f64a000, 0x000001cd7d2b3000,
0x000001cd7e0f6000, 0x000001cd7e5f1800, 0x000001cd002e9800, 0x000001cd7ea0f800,
0x000001cd7e707000, 0x000001cd7e707800, 0x000001cd7e708800, 0x000001cd7e709800,
0x000001cd7e705000, 0x000001cd7e70a000, 0x000001cd7e70b000, 0x000001cd7e70c000,
0x000001cd7e706000, 0x000001cd00d60800, 0x000001cd00d5a800, 0x000001cd00d5b800,
0x000001cd00d5f800, 0x000001cd00d5c800, 0x000001cd00d61800, 0x000001cd7cc3f000
}

Java Threads: ( => current thread )
  0x000001cd5e2e6000 JavaThread "main" [_thread_blocked, id=38652, stack(0x0000004533e00000,0x0000004533f00000)]
  0x000001cd7cb4b800 JavaThread "Reference Handler" daemon [_thread_blocked, id=2492, stack(0x0000004534500000,0x0000004534600000)]
  0x000001cd7cb4e800 JavaThread "Finalizer" daemon [_thread_blocked, id=19920, stack(0x0000004534600000,0x0000004534700000)]
  0x000001cd7cb63000 JavaThread "Signal Dispatcher" daemon [_thread_blocked, id=13728, stack(0x0000004534700000,0x0000004534800000)]
  0x000001cd7cb65000 JavaThread "Attach Listener" daemon [_thread_blocked, id=30632, stack(0x0000004534800000,0x0000004534900000)]
  0x000001cd7cb66800 JavaThread "Service Thread" daemon [_thread_blocked, id=38788, stack(0x0000004534900000,0x0000004534a00000)]
  0x000001cd7cbaf800 JavaThread "C2 CompilerThread0" daemon [_thread_in_native, id=28648, stack(0x0000004534a00000,0x0000004534b00000)]
  0x000001cd7cbb4800 JavaThread "C1 CompilerThread0" daemon [_thread_blocked, id=24300, stack(0x0000004534b00000,0x0000004534c00000)]
  0x000001cd7cbb7800 JavaThread "Sweeper thread" daemon [_thread_blocked, id=34804, stack(0x0000004534c00000,0x0000004534d00000)]
  0x000001cd7cd2c800 JavaThread "Common-Cleaner" daemon [_thread_blocked, id=33372, stack(0x0000004534d00000,0x0000004534e00000)]
  0x000001cd7f64a000 JavaThread "Daemon health stats" [_thread_blocked, id=35304, stack(0x0000004535200000,0x0000004535300000)]
  0x000001cd7d2b3000 JavaThread "Incoming local TCP Connector on port 58839" [_thread_in_native, id=37176, stack(0x0000004535100000,0x0000004535200000)]
  0x000001cd7e0f6000 JavaThread "Daemon periodic checks" [_thread_blocked, id=13820, stack(0x0000004535400000,0x0000004535500000)]
  0x000001cd7e5f1800 JavaThread "Daemon" [_thread_blocked, id=1580, stack(0x0000004535500000,0x0000004535600000)]
  0x000001cd002e9800 JavaThread "Handler for socket connection from /127.0.0.1:58839 to /127.0.0.1:58840" [_thread_in_native, id=8828, stack(0x0000004535600000,0x0000004535700000)]
  0x000001cd7ea0f800 JavaThread "Cancel handler" [_thread_blocked, id=28496, stack(0x0000004535700000,0x0000004535800000)]
  0x000001cd7e707000 JavaThread "Daemon worker" [_thread_in_vm, id=28632, stack(0x0000004535800000,0x0000004535900000)]
  0x000001cd7e707800 JavaThread "Asynchronous log dispatcher for DefaultDaemonConnection: socket connection from /127.0.0.1:58839 to /127.0.0.1:58840" [_thread_blocked, id=25180, stack(0x0000004535900000,0x0000004535a00000)]
  0x000001cd7e708800 JavaThread "Stdin handler" [_thread_blocked, id=20840, stack(0x0000004535a00000,0x0000004535b00000)]
  0x000001cd7e709800 JavaThread "Daemon client event forwarder" [_thread_blocked, id=7580, stack(0x0000004535b00000,0x0000004535c00000)]
  0x000001cd7e705000 JavaThread "Cache worker for journal cache (C:\Users\destiny.ifehor\.gradle\caches\journal-1)" [_thread_blocked, id=11012, stack(0x0000004536100000,0x0000004536200000)]
  0x000001cd7e70a000 JavaThread "File lock request listener" [_thread_in_native, id=26512, stack(0x0000004536200000,0x0000004536300000)]
  0x000001cd7e70b000 JavaThread "Cache worker for file hash cache (C:\Users\destiny.ifehor\.gradle\caches\8.0.1\fileHashes)" [_thread_blocked, id=38712, stack(0x0000004536400000,0x0000004536500000)]
  0x000001cd7e70c000 JavaThread "File watcher server" daemon [_thread_in_native, id=15316, stack(0x0000004536500000,0x0000004536600000)]
  0x000001cd7e706000 JavaThread "File watcher consumer" daemon [_thread_blocked, id=32324, stack(0x0000004536600000,0x0000004536700000)]
  0x000001cd00d60800 JavaThread "Cache worker for checksums cache (C:\Users\destiny.ifehor\Desktop\Personal\bukinz\android\.gradle\8.0.1\checksums)" [_thread_blocked, id=16520, stack(0x0000004536700000,0x0000004536800000)]
  0x000001cd00d5a800 JavaThread "Cache worker for cache directory md-rule (C:\Users\destiny.ifehor\.gradle\caches\8.0.1\md-rule)" [_thread_blocked, id=25536, stack(0x0000004536900000,0x0000004536a00000)]
  0x000001cd00d5b800 JavaThread "Cache worker for file content cache (C:\Users\destiny.ifehor\.gradle\caches\8.0.1\fileContent)" [_thread_blocked, id=29668, stack(0x0000004536a00000,0x0000004536b00000)]
  0x000001cd00d5f800 JavaThread "Cache worker for file hash cache (C:\Users\destiny.ifehor\Desktop\Personal\bukinz\android\.gradle\8.0.1\fileHashes)" [_thread_blocked, id=15740, stack(0x0000004536b00000,0x0000004536c00000)]
  0x000001cd00d5c800 JavaThread "Cache worker for cache directory md-supplier (C:\Users\destiny.ifehor\.gradle\caches\8.0.1\md-supplier)" [_thread_blocked, id=1220, stack(0x0000004536c00000,0x0000004536d00000)]
  0x000001cd00d61800 JavaThread "Cache worker for execution history cache (C:\Users\destiny.ifehor\.gradle\caches\8.0.1\executionHistory)" [_thread_blocked, id=2852, stack(0x0000004536800000,0x0000004536900000)]
=>0x000001cd7cc3f000 JavaThread "C2 CompilerThread1" daemon [_thread_in_native, id=26788, stack(0x0000004536d00000,0x0000004536e00000)]

Other Threads:
  0x000001cd7cb43800 VMThread "VM Thread" [stack: 0x0000004534400000,0x0000004534500000] [id=35036]
  0x000001cd7cd6e800 WatcherThread [stack: 0x0000004534e00000,0x0000004534f00000] [id=28112]
  0x000001cd5e2f9800 GCTaskThread "GC Thread#0" [stack: 0x0000004533f00000,0x0000004534000000] [id=37344]
  0x000001cd7d830800 GCTaskThread "GC Thread#1" [stack: 0x0000004534f00000,0x0000004535000000] [id=15992]
  0x000001cd7d99d000 GCTaskThread "GC Thread#2" [stack: 0x0000004535000000,0x0000004535100000] [id=28864]
  0x000001cd7d286000 GCTaskThread "GC Thread#3" [stack: 0x0000004535c00000,0x0000004535d00000] [id=32968]
  0x000001cd7d09d000 GCTaskThread "GC Thread#4" [stack: 0x0000004535d00000,0x0000004535e00000] [id=34356]
  0x000001cd00715000 GCTaskThread "GC Thread#5" [stack: 0x0000004535e00000,0x0000004535f00000] [id=27412]
  0x000001cd00715800 GCTaskThread "GC Thread#6" [stack: 0x0000004535f00000,0x0000004536000000] [id=38212]
  0x000001cd7f897800 GCTaskThread "GC Thread#7" [stack: 0x0000004536000000,0x0000004536100000] [id=38424]
  0x000001cd5e32e000 ConcurrentGCThread "G1 Main Marker" [stack: 0x0000004534000000,0x0000004534100000] [id=38828]
  0x000001cd5e331800 ConcurrentGCThread "G1 Conc#0" [stack: 0x0000004534100000,0x0000004534200000] [id=37584]
  0x000001cd7dcbb000 ConcurrentGCThread "G1 Conc#1" [stack: 0x0000004536300000,0x0000004536400000] [id=26904]
  0x000001cd7bc3b000 ConcurrentGCThread "G1 Refine#0" [stack: 0x0000004534200000,0x0000004534300000] [id=38036]
  0x000001cd7bc3c000 ConcurrentGCThread "G1 Young RemSet Sampling" [stack: 0x0000004534300000,0x0000004534400000] [id=27292]

Threads with active compile tasks:
C2 CompilerThread0    23392 3335       4       java.nio.ByteBuffer::limit (8 bytes)
C2 CompilerThread1    23392 2794       4       jdk.internal.loader.URLClassPath::getResource (74 bytes)

VM state:not at safepoint (normal execution)

VM Mutex/Monitor currently owned by a thread: None

Heap address: 0x0000000080000000, size: 2048 MB, Compressed Oops mode: 32-bit
Narrow klass base: 0x0000000000000000, Narrow klass shift: 3
Compressed class space size: 528482304 Address: 0x0000000100000000

Heap:
 garbage-first heap   total 129024K, used 52074K [0x0000000080000000, 0x0000000100000000)
  region size 1024K, 36 young (36864K), 7 survivors (7168K)
 Metaspace       used 37413K, capacity 38259K, committed 38428K, reserved 550912K
  class space    used 4833K, capacity 5192K, committed 5272K, reserved 516096K
Heap Regions: E=young(eden), S=young(survivor), O=old, HS=humongous(starts), HC=humongous(continues), CS=collection set, F=free, A=archive, TAMS=top-at-mark-start (previous, next)
|   0|0x0000000080000000, 0x0000000080100000, 0x0000000080100000|100%|HS|  |TAMS 0x0000000080100000, 0x0000000080000000| Complete 
|   1|0x0000000080100000, 0x0000000080200000, 0x0000000080200000|100%|HC|  |TAMS 0x0000000080200000, 0x0000000080100000| Complete 
|   2|0x0000000080200000, 0x0000000080300000, 0x0000000080300000|100%|HC|  |TAMS 0x0000000080300000, 0x0000000080200000| Complete 
|   3|0x0000000080300000, 0x0000000080400000, 0x0000000080400000|100%|HC|  |TAMS 0x0000000080400000, 0x0000000080300000| Complete 
|   4|0x0000000080400000, 0x0000000080500000, 0x0000000080500000|100%| O|  |TAMS 0x0000000080500000, 0x0000000080400000| Untracked 
|   5|0x0000000080500000, 0x0000000080600000, 0x0000000080600000|100%| O|  |TAMS 0x0000000080600000, 0x0000000080500000| Untracked 
|   6|0x0000000080600000, 0x0000000080700000, 0x0000000080700000|100%| O|  |TAMS 0x0000000080700000, 0x0000000080600000| Untracked 
|   7|0x0000000080700000, 0x0000000080800000, 0x0000000080800000|100%| O|  |TAMS 0x0000000080800000, 0x0000000080700000| Untracked 
|   8|0x0000000080800000, 0x0000000080900000, 0x0000000080900000|100%| O|  |TAMS 0x0000000080900000, 0x0000000080800000| Untracked 
|   9|0x0000000080900000, 0x0000000080a00000, 0x0000000080a00000|100%| O|  |TAMS 0x0000000080a00000, 0x0000000080900000| Untracked 
|  10|0x0000000080a00000, 0x0000000080b00000, 0x0000000080b00000|100%| O|  |TAMS 0x0000000080b00000, 0x0000000080a00000| Untracked 
|  11|0x0000000080b00000, 0x0000000080c00000, 0x0000000080c00000|100%| O|  |TAMS 0x0000000080c00000, 0x0000000080b00000| Untracked 
|  12|0x0000000080c00000, 0x0000000080d00000, 0x0000000080d00000|100%| O|  |TAMS 0x0000000080d00000, 0x0000000080c00000| Untracked 
|  13|0x0000000080d00000, 0x0000000080e00000, 0x0000000080e00000|100%| O|  |TAMS 0x0000000080e00000, 0x0000000080d00000| Untracked 
|  14|0x0000000080e00000, 0x0000000080f00000, 0x0000000080f00000|100%| O|  |TAMS 0x0000000080f00000, 0x0000000080e00000| Untracked 
|  15|0x0000000080f00000, 0x0000000081000000, 0x0000000081000000|100%| O|  |TAMS 0x0000000081000000, 0x0000000080f00000| Untracked 
|  16|0x0000000081000000, 0x0000000081100000, 0x0000000081100000|100%| O|  |TAMS 0x0000000081100000, 0x0000000081000000| Untracked 
|  17|0x0000000081100000, 0x0000000081142a00, 0x0000000081200000| 26%| O|  |TAMS 0x0000000081142a00, 0x0000000081100000| Untracked 
|  18|0x0000000081200000, 0x0000000081200000, 0x0000000081300000|  0%| F|  |TAMS 0x0000000081200000, 0x0000000081200000| Untracked 
|  19|0x0000000081300000, 0x0000000081300000, 0x0000000081400000|  0%| F|  |TAMS 0x0000000081300000, 0x0000000081300000| Untracked 
|  20|0x0000000081400000, 0x0000000081400000, 0x0000000081500000|  0%| F|  |TAMS 0x0000000081400000, 0x0000000081400000| Untracked 
|  21|0x0000000081500000, 0x0000000081500000, 0x0000000081600000|  0%| F|  |TAMS 0x0000000081500000, 0x0000000081500000| Untracked 
|  22|0x0000000081600000, 0x0000000081600000, 0x0000000081700000|  0%| F|  |TAMS 0x0000000081600000, 0x0000000081600000| Untracked 
|  23|0x0000000081700000, 0x0000000081700000, 0x0000000081800000|  0%| F|  |TAMS 0x0000000081700000, 0x0000000081700000| Untracked 
|  24|0x0000000081800000, 0x0000000081800000, 0x0000000081900000|  0%| F|  |TAMS 0x0000000081800000, 0x0000000081800000| Untracked 
|  25|0x0000000081900000, 0x0000000081900000, 0x0000000081a00000|  0%| F|  |TAMS 0x0000000081900000, 0x0000000081900000| Untracked 
|  26|0x0000000081a00000, 0x0000000081a00000, 0x0000000081b00000|  0%| F|  |TAMS 0x0000000081a00000, 0x0000000081a00000| Untracked 
|  27|0x0000000081b00000, 0x0000000081b00000, 0x0000000081c00000|  0%| F|  |TAMS 0x0000000081b00000, 0x0000000081b00000| Untracked 
|  28|0x0000000081c00000, 0x0000000081c00000, 0x0000000081d00000|  0%| F|  |TAMS 0x0000000081c00000, 0x0000000081c00000| Untracked 
|  29|0x0000000081d00000, 0x0000000081d00000, 0x0000000081e00000|  0%| F|  |TAMS 0x0000000081d00000, 0x0000000081d00000| Untracked 
|  30|0x0000000081e00000, 0x0000000081e00000, 0x0000000081f00000|  0%| F|  |TAMS 0x0000000081e00000, 0x0000000081e00000| Untracked 
|  31|0x0000000081f00000, 0x0000000081f00000, 0x0000000082000000|  0%| F|  |TAMS 0x0000000081f00000, 0x0000000081f00000| Untracked 
|  32|0x0000000082000000, 0x0000000082000000, 0x0000000082100000|  0%| F|  |TAMS 0x0000000082000000, 0x0000000082000000| Untracked 
|  33|0x0000000082100000, 0x0000000082100000, 0x0000000082200000|  0%| F|  |TAMS 0x0000000082100000, 0x0000000082100000| Untracked 
|  34|0x0000000082200000, 0x0000000082200000, 0x0000000082300000|  0%| F|  |TAMS 0x0000000082200000, 0x0000000082200000| Untracked 
|  35|0x0000000082300000, 0x0000000082300000, 0x0000000082400000|  0%| F|  |TAMS 0x0000000082300000, 0x0000000082300000| Untracked 
|  36|0x0000000082400000, 0x0000000082400000, 0x0000000082500000|  0%| F|  |TAMS 0x0000000082400000, 0x0000000082400000| Untracked 
|  37|0x0000000082500000, 0x0000000082500000, 0x0000000082600000|  0%| F|  |TAMS 0x0000000082500000, 0x0000000082500000| Untracked 
|  38|0x0000000082600000, 0x0000000082600000, 0x0000000082700000|  0%| F|  |TAMS 0x0000000082600000, 0x0000000082600000| Untracked 
|  39|0x0000000082700000, 0x0000000082700000, 0x0000000082800000|  0%| F|  |TAMS 0x0000000082700000, 0x0000000082700000| Untracked 
|  40|0x0000000082800000, 0x0000000082800000, 0x0000000082900000|  0%| F|  |TAMS 0x0000000082800000, 0x0000000082800000| Untracked 
|  41|0x0000000082900000, 0x0000000082900000, 0x0000000082a00000|  0%| F|  |TAMS 0x0000000082900000, 0x0000000082900000| Untracked 
|  42|0x0000000082a00000, 0x0000000082a00000, 0x0000000082b00000|  0%| F|  |TAMS 0x0000000082a00000, 0x0000000082a00000| Untracked 
|  43|0x0000000082b00000, 0x0000000082b00000, 0x0000000082c00000|  0%| F|  |TAMS 0x0000000082b00000, 0x0000000082b00000| Untracked 
|  44|0x0000000082c00000, 0x0000000082c00000, 0x0000000082d00000|  0%| F|  |TAMS 0x0000000082c00000, 0x0000000082c00000| Untracked 
|  45|0x0000000082d00000, 0x0000000082d00000, 0x0000000082e00000|  0%| F|  |TAMS 0x0000000082d00000, 0x0000000082d00000| Untracked 
|  46|0x0000000082e00000, 0x0000000082e00000, 0x0000000082f00000|  0%| F|  |TAMS 0x0000000082e00000, 0x0000000082e00000| Untracked 
|  47|0x0000000082f00000, 0x0000000082f00000, 0x0000000083000000|  0%| F|  |TAMS 0x0000000082f00000, 0x0000000082f00000| Untracked 
|  48|0x0000000083000000, 0x0000000083000000, 0x0000000083100000|  0%| F|  |TAMS 0x0000000083000000, 0x0000000083000000| Untracked 
|  49|0x0000000083100000, 0x0000000083100000, 0x0000000083200000|  0%| F|  |TAMS 0x0000000083100000, 0x0000000083100000| Untracked 
|  50|0x0000000083200000, 0x0000000083200000, 0x0000000083300000|  0%| F|  |TAMS 0x0000000083200000, 0x0000000083200000| Untracked 
|  51|0x0000000083300000, 0x0000000083300000, 0x0000000083400000|  0%| F|  |TAMS 0x0000000083300000, 0x0000000083300000| Untracked 
|  52|0x0000000083400000, 0x0000000083400000, 0x0000000083500000|  0%| F|  |TAMS 0x0000000083400000, 0x0000000083400000| Untracked 
|  53|0x0000000083500000, 0x0000000083500000, 0x0000000083600000|  0%| F|  |TAMS 0x0000000083500000, 0x0000000083500000| Untracked 
|  54|0x0000000083600000, 0x0000000083600000, 0x0000000083700000|  0%| F|  |TAMS 0x0000000083600000, 0x0000000083600000| Untracked 
|  55|0x0000000083700000, 0x0000000083700000, 0x0000000083800000|  0%| F|  |TAMS 0x0000000083700000, 0x0000000083700000| Untracked 
|  56|0x0000000083800000, 0x0000000083800000, 0x0000000083900000|  0%| F|  |TAMS 0x0000000083800000, 0x0000000083800000| Untracked 
|  57|0x0000000083900000, 0x0000000083900000, 0x0000000083a00000|  0%| F|  |TAMS 0x0000000083900000, 0x0000000083900000| Untracked 
|  58|0x0000000083a00000, 0x0000000083a00000, 0x0000000083b00000|  0%| F|  |TAMS 0x0000000083a00000, 0x0000000083a00000| Untracked 
|  59|0x0000000083b00000, 0x0000000083b00000, 0x0000000083c00000|  0%| F|  |TAMS 0x0000000083b00000, 0x0000000083b00000| Untracked 
|  60|0x0000000083c00000, 0x0000000083c00000, 0x0000000083d00000|  0%| F|  |TAMS 0x0000000083c00000, 0x0000000083c00000| Untracked 
|  61|0x0000000083d00000, 0x0000000083d00000, 0x0000000083e00000|  0%| F|  |TAMS 0x0000000083d00000, 0x0000000083d00000| Untracked 
|  62|0x0000000083e00000, 0x0000000083e00000, 0x0000000083f00000|  0%| F|  |TAMS 0x0000000083e00000, 0x0000000083e00000| Untracked 
|  63|0x0000000083f00000, 0x0000000083f00000, 0x0000000084000000|  0%| F|  |TAMS 0x0000000083f00000, 0x0000000083f00000| Untracked 
|  64|0x0000000084000000, 0x0000000084000000, 0x0000000084100000|  0%| F|  |TAMS 0x0000000084000000, 0x0000000084000000| Untracked 
|  65|0x0000000084100000, 0x0000000084100000, 0x0000000084200000|  0%| F|  |TAMS 0x0000000084100000, 0x0000000084100000| Untracked 
|  66|0x0000000084200000, 0x0000000084200000, 0x0000000084300000|  0%| F|  |TAMS 0x0000000084200000, 0x0000000084200000| Untracked 
|  67|0x0000000084300000, 0x0000000084300000, 0x0000000084400000|  0%| F|  |TAMS 0x0000000084300000, 0x0000000084300000| Untracked 
|  68|0x0000000084400000, 0x0000000084400000, 0x0000000084500000|  0%| F|  |TAMS 0x0000000084400000, 0x0000000084400000| Untracked 
|  69|0x0000000084500000, 0x0000000084500000, 0x0000000084600000|  0%| F|  |TAMS 0x0000000084500000, 0x0000000084500000| Untracked 
|  70|0x0000000084600000, 0x0000000084600000, 0x0000000084700000|  0%| F|  |TAMS 0x0000000084600000, 0x0000000084600000| Untracked 
|  71|0x0000000084700000, 0x0000000084700000, 0x0000000084800000|  0%| F|  |TAMS 0x0000000084700000, 0x0000000084700000| Untracked 
|  72|0x0000000084800000, 0x0000000084800000, 0x0000000084900000|  0%| F|  |TAMS 0x0000000084800000, 0x0000000084800000| Untracked 
|  73|0x0000000084900000, 0x0000000084900000, 0x0000000084a00000|  0%| F|  |TAMS 0x0000000084900000, 0x0000000084900000| Untracked 
|  74|0x0000000084a00000, 0x0000000084a00000, 0x0000000084b00000|  0%| F|  |TAMS 0x0000000084a00000, 0x0000000084a00000| Untracked 
|  75|0x0000000084b00000, 0x0000000084b00000, 0x0000000084c00000|  0%| F|  |TAMS 0x0000000084b00000, 0x0000000084b00000| Untracked 
|  76|0x0000000084c00000, 0x0000000084c00000, 0x0000000084d00000|  0%| F|  |TAMS 0x0000000084c00000, 0x0000000084c00000| Untracked 
|  77|0x0000000084d00000, 0x0000000084d00000, 0x0000000084e00000|  0%| F|  |TAMS 0x0000000084d00000, 0x0000000084d00000| Untracked 
|  78|0x0000000084e00000, 0x0000000084e00000, 0x0000000084f00000|  0%| F|  |TAMS 0x0000000084e00000, 0x0000000084e00000| Untracked 
|  79|0x0000000084f00000, 0x0000000084f00000, 0x0000000085000000|  0%| F|  |TAMS 0x0000000084f00000, 0x0000000084f00000| Untracked 
|  80|0x0000000085000000, 0x0000000085000000, 0x0000000085100000|  0%| F|  |TAMS 0x0000000085000000, 0x0000000085000000| Untracked 
|  81|0x0000000085100000, 0x0000000085100000, 0x0000000085200000|  0%| F|  |TAMS 0x0000000085100000, 0x0000000085100000| Untracked 
|  82|0x0000000085200000, 0x0000000085200000, 0x0000000085300000|  0%| F|  |TAMS 0x0000000085200000, 0x0000000085200000| Untracked 
|  83|0x0000000085300000, 0x0000000085300000, 0x0000000085400000|  0%| F|  |TAMS 0x0000000085300000, 0x0000000085300000| Untracked 
|  84|0x0000000085400000, 0x0000000085400000, 0x0000000085500000|  0%| F|  |TAMS 0x0000000085400000, 0x0000000085400000| Untracked 
|  85|0x0000000085500000, 0x0000000085500000, 0x0000000085600000|  0%| F|  |TAMS 0x0000000085500000, 0x0000000085500000| Untracked 
|  86|0x0000000085600000, 0x0000000085600000, 0x0000000085700000|  0%| F|  |TAMS 0x0000000085600000, 0x0000000085600000| Untracked 
|  87|0x0000000085700000, 0x0000000085700000, 0x0000000085800000|  0%| F|  |TAMS 0x0000000085700000, 0x0000000085700000| Untracked 
|  88|0x0000000085800000, 0x0000000085800000, 0x0000000085900000|  0%| F|  |TAMS 0x0000000085800000, 0x0000000085800000| Untracked 
|  89|0x0000000085900000, 0x0000000085900000, 0x0000000085a00000|  0%| F|  |TAMS 0x0000000085900000, 0x0000000085900000| Untracked 
|  90|0x0000000085a00000, 0x0000000085b00000, 0x0000000085b00000|100%| E|  |TAMS 0x0000000085a00000, 0x0000000085a00000| Complete 
|  91|0x0000000085b00000, 0x0000000085b98198, 0x0000000085c00000| 59%| S|CS|TAMS 0x0000000085b00000, 0x0000000085b00000| Complete 
|  92|0x0000000085c00000, 0x0000000085d00000, 0x0000000085d00000|100%| S|CS|TAMS 0x0000000085c00000, 0x0000000085c00000| Complete 
|  93|0x0000000085d00000, 0x0000000085e00000, 0x0000000085e00000|100%| S|CS|TAMS 0x0000000085d00000, 0x0000000085d00000| Complete 
|  94|0x0000000085e00000, 0x0000000085f00000, 0x0000000085f00000|100%| S|CS|TAMS 0x0000000085e00000, 0x0000000085e00000| Complete 
|  95|0x0000000085f00000, 0x0000000086000000, 0x0000000086000000|100%| S|CS|TAMS 0x0000000085f00000, 0x0000000085f00000| Complete 
|  96|0x0000000086000000, 0x0000000086100000, 0x0000000086100000|100%| S|CS|TAMS 0x0000000086000000, 0x0000000086000000| Complete 
|  97|0x0000000086100000, 0x0000000086200000, 0x0000000086200000|100%| S|CS|TAMS 0x0000000086100000, 0x0000000086100000| Complete 
|  98|0x0000000086200000, 0x0000000086300000, 0x0000000086300000|100%| E|CS|TAMS 0x0000000086200000, 0x0000000086200000| Complete 
|  99|0x0000000086300000, 0x0000000086400000, 0x0000000086400000|100%| E|CS|TAMS 0x0000000086300000, 0x0000000086300000| Complete 
| 100|0x0000000086400000, 0x0000000086500000, 0x0000000086500000|100%| E|CS|TAMS 0x0000000086400000, 0x0000000086400000| Complete 
| 101|0x0000000086500000, 0x0000000086600000, 0x0000000086600000|100%| E|CS|TAMS 0x0000000086500000, 0x0000000086500000| Complete 
| 102|0x0000000086600000, 0x0000000086700000, 0x0000000086700000|100%| E|CS|TAMS 0x0000000086600000, 0x0000000086600000| Complete 
| 103|0x0000000086700000, 0x0000000086800000, 0x0000000086800000|100%| E|CS|TAMS 0x0000000086700000, 0x0000000086700000| Complete 
| 104|0x0000000086800000, 0x0000000086900000, 0x0000000086900000|100%| E|CS|TAMS 0x0000000086800000, 0x0000000086800000| Complete 
| 105|0x0000000086900000, 0x0000000086a00000, 0x0000000086a00000|100%| E|CS|TAMS 0x0000000086900000, 0x0000000086900000| Complete 
| 106|0x0000000086a00000, 0x0000000086b00000, 0x0000000086b00000|100%| E|CS|TAMS 0x0000000086a00000, 0x0000000086a00000| Complete 
| 107|0x0000000086b00000, 0x0000000086c00000, 0x0000000086c00000|100%| E|CS|TAMS 0x0000000086b00000, 0x0000000086b00000| Complete 
| 108|0x0000000086c00000, 0x0000000086d00000, 0x0000000086d00000|100%| E|CS|TAMS 0x0000000086c00000, 0x0000000086c00000| Complete 
| 109|0x0000000086d00000, 0x0000000086e00000, 0x0000000086e00000|100%| E|CS|TAMS 0x0000000086d00000, 0x0000000086d00000| Complete 
| 110|0x0000000086e00000, 0x0000000086f00000, 0x0000000086f00000|100%| E|CS|TAMS 0x0000000086e00000, 0x0000000086e00000| Complete 
| 111|0x0000000086f00000, 0x0000000087000000, 0x0000000087000000|100%| E|CS|TAMS 0x0000000086f00000, 0x0000000086f00000| Complete 
| 112|0x0000000087000000, 0x0000000087100000, 0x0000000087100000|100%| E|CS|TAMS 0x0000000087000000, 0x0000000087000000| Complete 
| 113|0x0000000087100000, 0x0000000087200000, 0x0000000087200000|100%| E|CS|TAMS 0x0000000087100000, 0x0000000087100000| Complete 
| 114|0x0000000087200000, 0x0000000087300000, 0x0000000087300000|100%| E|CS|TAMS 0x0000000087200000, 0x0000000087200000| Complete 
| 115|0x0000000087300000, 0x0000000087400000, 0x0000000087400000|100%| E|CS|TAMS 0x0000000087300000, 0x0000000087300000| Complete 
| 116|0x0000000087400000, 0x0000000087500000, 0x0000000087500000|100%| E|CS|TAMS 0x0000000087400000, 0x0000000087400000| Complete 
| 117|0x0000000087500000, 0x0000000087600000, 0x0000000087600000|100%| E|CS|TAMS 0x0000000087500000, 0x0000000087500000| Complete 
| 118|0x0000000087600000, 0x0000000087700000, 0x0000000087700000|100%| E|CS|TAMS 0x0000000087600000, 0x0000000087600000| Complete 
| 119|0x0000000087700000, 0x0000000087800000, 0x0000000087800000|100%| E|CS|TAMS 0x0000000087700000, 0x0000000087700000| Complete 
| 120|0x0000000087800000, 0x0000000087900000, 0x0000000087900000|100%| E|  |TAMS 0x0000000087800000, 0x0000000087800000| Complete 
| 121|0x0000000087900000, 0x0000000087a00000, 0x0000000087a00000|100%| E|CS|TAMS 0x0000000087900000, 0x0000000087900000| Complete 
| 122|0x0000000087a00000, 0x0000000087b00000, 0x0000000087b00000|100%| E|CS|TAMS 0x0000000087a00000, 0x0000000087a00000| Complete 
| 123|0x0000000087b00000, 0x0000000087c00000, 0x0000000087c00000|100%| E|CS|TAMS 0x0000000087b00000, 0x0000000087b00000| Complete 
| 124|0x0000000087c00000, 0x0000000087d00000, 0x0000000087d00000|100%| E|CS|TAMS 0x0000000087c00000, 0x0000000087c00000| Complete 
| 125|0x0000000087d00000, 0x0000000087e00000, 0x0000000087e00000|100%| E|CS|TAMS 0x0000000087d00000, 0x0000000087d00000| Complete 

Card table byte_map: [0x000001cd75080000,0x000001cd75480000] _byte_map_base: 0x000001cd74c80000

Marking Bits (Prev, Next): (CMBitMap*) 0x000001cd5e324608, (CMBitMap*) 0x000001cd5e324640
 Prev Bits: [0x000001cd75880000, 0x000001cd77880000)
 Next Bits: [0x000001cd77880000, 0x000001cd79880000)

Polling page: 0x000001cd5da40000

Metaspace:

Usage:
  Non-class:     32.35 MB capacity,    31.84 MB ( 98%) used,   432.93 KB (  1%) free+waste,    89.56 KB ( <1%) overhead. 
      Class:      5.07 MB capacity,     4.73 MB ( 93%) used,   308.30 KB (  6%) free+waste,    45.25 KB ( <1%) overhead. 
       Both:     37.42 MB capacity,    36.57 MB ( 98%) used,   741.23 KB (  2%) free+waste,   134.81 KB ( <1%) overhead. 

Virtual space:
  Non-class space:       34.00 MB reserved,      32.38 MB ( 95%) committed 
      Class space:      504.00 MB reserved,       5.15 MB (  1%) committed 
             Both:      538.00 MB reserved,      37.53 MB (  7%) committed 

Chunk freelists:
   Non-Class:  3.12 KB
       Class:  3.00 KB
        Both:  6.12 KB

CodeHeap 'non-profiled nmethods': size=120000Kb used=1574Kb max_used=1574Kb free=118425Kb
 bounds [0x000001cd6d410000, 0x000001cd6d680000, 0x000001cd74940000]
CodeHeap 'profiled nmethods': size=120000Kb used=7065Kb max_used=7065Kb free=112934Kb
 bounds [0x000001cd65ee0000, 0x000001cd665d0000, 0x000001cd6d410000]
CodeHeap 'non-nmethods': size=5760Kb used=1512Kb max_used=1538Kb free=4247Kb
 bounds [0x000001cd65940000, 0x000001cd65bb0000, 0x000001cd65ee0000]
 total_blobs=3991 nmethods=3366 adapters=536
 compilation: enabled
              stopped_count=0, restarted_count=0
 full_count=0

Compilation events (10 events):
Event: 22.685 Thread 0x000001cd7cbb4800 2947       3       org.codehaus.groovy.reflection.CachedMethod::isStatic (8 bytes)
Event: 22.686 Thread 0x000001cd7cbb4800 nmethod 2947 0x000001cd664f2e10 code [0x000001cd664f2fc0, 0x000001cd664f3198]
Event: 22.686 Thread 0x000001cd7cbb4800 2949       3       org.codehaus.groovy.runtime.metaclass.ReflectionMetaMethod::<init> (18 bytes)
Event: 22.686 Thread 0x000001cd7cbb4800 nmethod 2949 0x000001cd664f3290 code [0x000001cd664f3480, 0x000001cd664f39e8]
Event: 22.686 Thread 0x000001cd7cbb4800 2946       3       java.util.Arrays::rangeCheck (74 bytes)
Event: 22.687 Thread 0x000001cd7cbb4800 nmethod 2946 0x000001cd664f3c10 code [0x000001cd664f3ee0, 0x000001cd664f4b48]
Event: 22.696 Thread 0x000001cd7cbb4800 2951       3       java.lang.PublicMethods::toArray (76 bytes)
Event: 22.696 Thread 0x000001cd7cbb4800 nmethod 2951 0x000001cd664f5010 code [0x000001cd664f5220, 0x000001cd664f5ab8]
Event: 22.697 Thread 0x000001cd7cbb4800 2952       1       java.net.JarURLConnection::getJarFileURL (5 bytes)
Event: 22.697 Thread 0x000001cd7cbb4800 nmethod 2952 0x000001cd6d574890 code [0x000001cd6d574a20, 0x000001cd6d574ad8]

GC Heap History (10 events):
Event: 2.361 GC heap before
{Heap before GC invocations=0 (full 0):
 garbage-first heap   total 129024K, used 27648K [0x0000000080000000, 0x0000000100000000)
  region size 1024K, 24 young (24576K), 0 survivors (0K)
 Metaspace       used 9591K, capacity 9759K, committed 9856K, reserved 526336K
  class space    used 996K, capacity 1069K, committed 1152K, reserved 516096K
}
Event: 2.370 GC heap after
{Heap after GC invocations=1 (full 0):
 garbage-first heap   total 129024K, used 10809K [0x0000000080000000, 0x0000000100000000)
  region size 1024K, 3 young (3072K), 3 survivors (3072K)
 Metaspace       used 9591K, capacity 9759K, committed 9856K, reserved 526336K
  class space    used 996K, capacity 1069K, committed 1152K, reserved 516096K
}
Event: 18.118 GC heap before
{Heap before GC invocations=1 (full 0):
 garbage-first heap   total 129024K, used 85561K [0x0000000080000000, 0x0000000100000000)
  region size 1024K, 75 young (76800K), 3 survivors (3072K)
 Metaspace       used 17886K, capacity 18253K, committed 18432K, reserved 532480K
  class space    used 2098K, capacity 2243K, committed 2304K, reserved 516096K
}
Event: 18.149 GC heap after
{Heap after GC invocations=2 (full 0):
 garbage-first heap   total 129024K, used 18279K [0x0000000080000000, 0x0000000100000000)
  region size 1024K, 10 young (10240K), 10 survivors (10240K)
 Metaspace       used 17886K, capacity 18253K, committed 18432K, reserved 532480K
  class space    used 2098K, capacity 2243K, committed 2304K, reserved 516096K
}
Event: 19.369 GC heap before
{Heap before GC invocations=2 (full 0):
 garbage-first heap   total 129024K, used 40807K [0x0000000080000000, 0x0000000100000000)
  region size 1024K, 33 young (33792K), 10 survivors (10240K)
 Metaspace       used 20810K, capacity 21219K, committed 21296K, reserved 536576K
  class space    used 2525K, capacity 2687K, committed 2688K, reserved 516096K
}
Event: 19.378 GC heap after
{Heap after GC invocations=3 (full 0):
 garbage-first heap   total 129024K, used 18674K [0x0000000080000000, 0x0000000100000000)
  region size 1024K, 1 young (1024K), 1 survivors (1024K)
 Metaspace       used 20810K, capacity 21219K, committed 21296K, reserved 536576K
  class space    used 2525K, capacity 2687K, committed 2688K, reserved 516096K
}
Event: 20.291 GC heap before
{Heap before GC invocations=4 (full 0):
 garbage-first heap   total 129024K, used 64754K [0x0000000080000000, 0x0000000100000000)
  region size 1024K, 47 young (48128K), 1 survivors (1024K)
 Metaspace       used 24701K, capacity 25322K, committed 25468K, reserved 538624K
  class space    used 3183K, capacity 3420K, committed 3532K, reserved 516096K
}
Event: 20.295 GC heap after
{Heap after GC invocations=5 (full 0):
 garbage-first heap   total 129024K, used 20126K [0x0000000080000000, 0x0000000100000000)
  region size 1024K, 3 young (3072K), 3 survivors (3072K)
 Metaspace       used 24701K, capacity 25322K, committed 25468K, reserved 538624K
  class space    used 3183K, capacity 3420K, committed 3532K, reserved 516096K
}
Event: 21.983 GC heap before
{Heap before GC invocations=5 (full 0):
 garbage-first heap   total 129024K, used 71326K [0x0000000080000000, 0x0000000100000000)
  region size 1024K, 54 young (55296K), 3 survivors (3072K)
 Metaspace       used 29559K, capacity 30331K, committed 30588K, reserved 542720K
  class space    used 3943K, capacity 4247K, committed 4300K, reserved 516096K
}
Event: 21.989 GC heap after
{Heap after GC invocations=6 (full 0):
 garbage-first heap   total 129024K, used 21972K [0x0000000080000000, 0x0000000100000000)
  region size 1024K, 5 young (5120K), 5 survivors (5120K)
 Metaspace       used 29559K, capacity 30331K, committed 30588K, reserved 542720K
  class space    used 3943K, capacity 4247K, committed 4300K, reserved 516096K
}

Deoptimization events (10 events):
Event: 19.413 Thread 0x000001cd7e707000 Uncommon trap: reason=bimorphic_or_optimized_type_check action=maybe_recompile pc=0x000001cd6d4858a4 method=java.util.AbstractList$Itr.hasNext()Z @ 8 c2
Event: 19.413 Thread 0x000001cd7e707000 Uncommon trap: reason=bimorphic_or_optimized_type_check action=maybe_recompile pc=0x000001cd6d485c20 method=java.util.AbstractList$Itr.next()Ljava/lang/Object; @ 14 c2
Event: 19.414 Thread 0x000001cd7e707000 Uncommon trap: reason=unstable_if action=reinterpret pc=0x000001cd6d481204 method=java.io.File.getName()Ljava/lang/String; @ 16 c2
Event: 19.414 Thread 0x000001cd7e707000 Uncommon trap: reason=unstable_if action=reinterpret pc=0x000001cd6d481c14 method=java.lang.String.substring(I)Ljava/lang/String; @ 34 c2
Event: 20.266 Thread 0x000001cd7e707000 Uncommon trap: reason=unstable_if action=reinterpret pc=0x000001cd6d44e674 method=java.util.HashMap.hash(Ljava/lang/Object;)I @ 1 c2
Event: 21.555 Thread 0x000001cd7e707000 Uncommon trap: reason=intrinsic_or_type_checked_inlining action=make_not_entrant pc=0x000001cd6d543158 method=java.util.Arrays.copyOf([Ljava/lang/Object;ILjava/lang/Class;)[Ljava/lang/Object; @ 35 c2
Event: 21.679 Thread 0x000001cd7e707000 Uncommon trap: reason=unstable_if action=reinterpret pc=0x000001cd6d4ef638 method=java.util.HashMap.hash(Ljava/lang/Object;)I @ 1 c2
Event: 21.760 Thread 0x000001cd7e707000 Uncommon trap: reason=unstable_if action=reinterpret pc=0x000001cd6d54c6e4 method=java.util.regex.Pattern$BmpCharProperty.match(Ljava/util/regex/Matcher;ILjava/lang/CharSequence;)Z @ 39 c2
Event: 22.268 Thread 0x000001cd7e707000 Uncommon trap: reason=unstable_if action=reinterpret pc=0x000001cd6d4fb2d0 method=java.util.HashMap.putVal(ILjava/lang/Object;Ljava/lang/Object;ZZ)Ljava/lang/Object; @ 162 c2
Event: 22.671 Thread 0x000001cd7e707000 Uncommon trap: reason=unstable_if action=reinterpret pc=0x000001cd6d50d930 method=jdk.internal.loader.BuiltinClassLoader.loadClassOrNull(Ljava/lang/String;Z)Ljava/lang/Class; @ 42 c2

Classes redefined (0 events):
No events

Internal exceptions (10 events):
Event: 21.811 Thread 0x000001cd7e707000 Exception <a 'java/lang/NoSuchMethodError'{0x00000000853662f0}: java.lang.invoke.DirectMethodHandle$Holder.invokeStaticInit(Ljava/lang/Object;Ljava/lang/Object;Ljava/lang/Object;Ljava/lang/Object;)Ljava/lang/Object;> (0x00000000853662f0) thrown at [./open
Event: 22.145 Thread 0x000001cd7e707000 Exception <a 'java/lang/NoSuchMethodError'{0x00000000877ca018}: java.lang.invoke.Invokers$Holder.linkToTargetMethod(Ljava/lang/Object;Ljava/lang/Object;Ljava/lang/Object;Ljava/lang/Object;Ljava/lang/Object;Ljava/lang/Object;Ljava/lang/Object;Ljava/lang/Ob
Event: 22.158 Thread 0x000001cd7e707000 Exception <a 'java/lang/IncompatibleClassChangeError'{0x000000008764c8e0}: Found class java.lang.Object, but interface was expected> (0x000000008764c8e0) thrown at [./open/src/hotspot/share/interpreter/linkResolver.cpp, line 838]
Event: 22.284 Thread 0x000001cd7e707000 Exception <a 'java/lang/NoSuchMethodError'{0x0000000086fb6878}: java.lang.invoke.Invokers$Holder.linkToTargetMethod(Ljava/lang/Object;IILjava/lang/Object;)Ljava/lang/Object;> (0x0000000086fb6878) thrown at [./open/src/hotspot/share/interpreter/linkResolve
Event: 22.287 Thread 0x000001cd7e707000 Exception <a 'java/lang/NoSuchMethodError'{0x0000000086fcd120}: java.lang.invoke.DirectMethodHandle$Holder.invokeStatic(Ljava/lang/Object;Ljava/lang/Object;IILjava/lang/Object;Ljava/lang/Object;)Ljava/lang/Object;> (0x0000000086fcd120) thrown at [./open/s
Event: 22.477 Thread 0x000001cd7e707000 Exception <a 'java/lang/NoSuchMethodError'{0x00000000869e6db0}: java.lang.invoke.DirectMethodHandle$Holder.invokeStaticInit(Ljava/lang/Object;Ljava/lang/Object;Ljava/lang/Object;)V> (0x00000000869e6db0) thrown at [./open/src/hotspot/share/interpreter/link
Event: 22.478 Thread 0x000001cd7e707000 Exception <a 'java/lang/NoSuchMethodError'{0x00000000869edfc0}: java.lang.invoke.DirectMethodHandle$Holder.invokeStaticInit(Ljava/lang/Object;Ljava/lang/Object;Ljava/lang/Object;Ljava/lang/Object;)V> (0x00000000869edfc0) thrown at [./open/src/hotspot/shar
Event: 22.483 Thread 0x000001cd7e707000 Exception <a 'java/lang/NoSuchMethodError'{0x000000008680fb48}: java.lang.invoke.DirectMethodHandle$Holder.invokeStaticInit(Ljava/lang/Object;Ljava/lang/Object;Ljava/lang/Object;Ljava/lang/Object;Ljava/lang/Object;)V> (0x000000008680fb48) thrown at [./ope
Event: 22.485 Thread 0x000001cd7e707000 Exception <a 'java/lang/NoSuchMethodError'{0x00000000868174e0}: java.lang.invoke.DirectMethodHandle$Holder.invokeStaticInit(Ljava/lang/Object;Ljava/lang/Object;Ljava/lang/Object;)I> (0x00000000868174e0) thrown at [./open/src/hotspot/share/interpreter/link
Event: 22.524 Thread 0x000001cd7e707000 Exception <a 'java/lang/NoSuchMethodError'{0x0000000086874c40}: java.lang.invoke.DirectMethodHandle$Holder.invokeStaticInit(Ljava/lang/Object;Ljava/lang/Object;Ljava/lang/Object;Ljava/lang/Object;)I> (0x0000000086874c40) thrown at [./open/src/hotspot/shar

Events (10 events):
Event: 22.752 loading class javax/swing/AncestorNotifier
Event: 22.752 loading class java/awt/event/ComponentListener
Event: 22.753 loading class java/awt/event/ComponentListener done
Event: 22.753 loading class java/beans/PropertyChangeListener
Event: 22.753 loading class java/beans/PropertyChangeListener done
Event: 22.753 loading class javax/swing/AncestorNotifier done
Event: 22.753 loading class javax/swing/event/AncestorListener
Event: 22.753 loading class javax/swing/event/AncestorListener done
Event: 22.753 loading class javax/swing/JRootPane
Event: 22.754 loading class javax/swing/JRootPane done


Dynamic libraries:
0x00007ff62ff50000 - 0x00007ff62ff60000 	C:\Program Files\Java\jdk-11\bin\java.exe
0x00007ffd888f0000 - 0x00007ffd88ae8000 	C:\Windows\SYSTEM32\ntdll.dll
0x00007ffd86e10000 - 0x00007ffd86ecd000 	C:\Windows\System32\KERNEL32.DLL
0x00007ffd86490000 - 0x00007ffd86786000 	C:\Windows\System32\KERNELBASE.dll
0x00007ffd86850000 - 0x00007ffd86950000 	C:\Windows\System32\ucrtbase.dll
0x00007ffd66ca0000 - 0x00007ffd66cbb000 	C:\Program Files\Java\jdk-11\bin\VCRUNTIME140.dll
0x00007ffd74670000 - 0x00007ffd74688000 	C:\Program Files\Java\jdk-11\bin\jli.dll
0x00007ffd87e80000 - 0x00007ffd87f2f000 	C:\Windows\System32\ADVAPI32.dll
0x00007ffd875a0000 - 0x00007ffd8763e000 	C:\Windows\System32\msvcrt.dll
0x00007ffd874f0000 - 0x00007ffd8758c000 	C:\Windows\System32\sechost.dll
0x00007ffd88780000 - 0x00007ffd888a6000 	C:\Windows\System32\RPCRT4.dll
0x00007ffd86a90000 - 0x00007ffd86c2e000 	C:\Windows\System32\USER32.dll
0x00007ffd86790000 - 0x00007ffd867b2000 	C:\Windows\System32\win32u.dll
0x00007ffd87700000 - 0x00007ffd8772c000 	C:\Windows\System32\GDI32.dll
0x00007ffd86000000 - 0x00007ffd8611a000 	C:\Windows\System32\gdi32full.dll
0x00007ffd863a0000 - 0x00007ffd8643d000 	C:\Windows\System32\msvcp_win.dll
0x00007ffd6a390000 - 0x00007ffd6a62a000 	C:\Windows\WinSxS\amd64_microsoft.windows.common-controls_6595b64144ccf1df_6.0.19041.3636_none_60b6a03d71f818d5\COMCTL32.dll
0x00007ffd7ed50000 - 0x00007ffd7ed5a000 	C:\Windows\SYSTEM32\VERSION.dll
0x00007ffd88580000 - 0x00007ffd885b0000 	C:\Windows\System32\IMM32.DLL
0x00007ffd56b20000 - 0x00007ffd56c8b000 	C:\Windows\system32\tmumh\20019\AddOn\8.55.0.1129\TmUmEvt64.dll
0x00007ffd87640000 - 0x00007ffd87648000 	C:\Windows\System32\PSAPI.DLL
0x0000000059c20000 - 0x0000000059d93000 	C:\Windows\system32\tmumh\20019\TmMon\2.9.0.1048\tmmon64.dll
0x00007ffd30240000 - 0x00007ffd3057e000 	C:\Windows\System32\TmLWE\TmUmSnsr64\1.0.0.1123\TmUmSnsr64.dll
0x00007ffd84760000 - 0x00007ffd84772000 	C:\Windows\SYSTEM32\kernel.appcore.dll
0x00007ffd7e980000 - 0x00007ffd7e98c000 	C:\Program Files\Java\jdk-11\bin\vcruntime140_1.dll
0x00007ffd55bd0000 - 0x00007ffd55c5e000 	C:\Program Files\Java\jdk-11\bin\msvcp140.dll
0x00007ffccf950000 - 0x00007ffcd04b8000 	C:\Program Files\Java\jdk-11\bin\server\jvm.dll
0x00007ffd63830000 - 0x00007ffd63839000 	C:\Windows\SYSTEM32\WSOCK32.dll
0x00007ffd88630000 - 0x00007ffd8869b000 	C:\Windows\System32\WS2_32.dll
0x00007ffd6aff0000 - 0x00007ffd6b017000 	C:\Windows\SYSTEM32\WINMM.dll
0x00007ffd7cf70000 - 0x00007ffd7cf80000 	C:\Program Files\Java\jdk-11\bin\verify.dll
0x00007ffd83c60000 - 0x00007ffd83e44000 	C:\Windows\SYSTEM32\DBGHELP.DLL
0x00007ffd771c0000 - 0x00007ffd771f4000 	C:\Windows\SYSTEM32\dbgcore.DLL
0x00007ffd867c0000 - 0x00007ffd86842000 	C:\Windows\System32\bcryptPrimitives.dll
0x00007ffd7cf40000 - 0x00007ffd7cf68000 	C:\Program Files\Java\jdk-11\bin\java.dll
0x00007ffd7c280000 - 0x00007ffd7c28a000 	C:\Program Files\Java\jdk-11\bin\jimage.dll
0x00007ffd63620000 - 0x00007ffd63637000 	C:\Program Files\Java\jdk-11\bin\zip.dll
0x00007ffd87730000 - 0x00007ffd87e74000 	C:\Windows\System32\SHELL32.dll
0x00007ffd83f80000 - 0x00007ffd8471b000 	C:\Windows\SYSTEM32\windows.storage.dll
0x00007ffd86f30000 - 0x00007ffd87284000 	C:\Windows\System32\combase.dll
0x00007ffd85a10000 - 0x00007ffd85a3d000 	C:\Windows\SYSTEM32\Wldp.dll
0x00007ffd87f30000 - 0x00007ffd87fdd000 	C:\Windows\System32\SHCORE.dll
0x00007ffd86950000 - 0x00007ffd869a5000 	C:\Windows\System32\shlwapi.dll
0x00007ffd85f00000 - 0x00007ffd85f25000 	C:\Windows\SYSTEM32\profapi.dll
0x00007ffd60030000 - 0x00007ffd60049000 	C:\Program Files\Java\jdk-11\bin\net.dll
0x00007ffd809e0000 - 0x00007ffd80aea000 	C:\Windows\SYSTEM32\WINHTTP.dll
0x00007ffd85700000 - 0x00007ffd8576a000 	C:\Windows\system32\mswsock.dll
0x00007ffd60010000 - 0x00007ffd60022000 	C:\Program Files\Java\jdk-11\bin\nio.dll
0x00007ffd58870000 - 0x00007ffd58897000 	C:\Users\destiny.ifehor\.gradle\native\68d5fa5c4cc2d200863cafc0d521ce42e7d3e7ee720ec0a83991735586a16f82\windows-amd64\native-platform.dll
0x00007ffd3fba0000 - 0x00007ffd3fce4000 	C:\Users\destiny.ifehor\.gradle\native\e376f236ea51e6404a007f0833ffe2c6e607c4080706a723a18a27aeea778392\windows-amd64\native-platform-file-events.dll
0x00007ffd75f80000 - 0x00007ffd75f89000 	C:\Program Files\Java\jdk-11\bin\management.dll
0x00007ffd75f30000 - 0x00007ffd75f3b000 	C:\Program Files\Java\jdk-11\bin\management_ext.dll
0x00007ffd85960000 - 0x00007ffd85978000 	C:\Windows\SYSTEM32\CRYPTSP.dll
0x00007ffd84fd0000 - 0x00007ffd85004000 	C:\Windows\system32\rsaenh.dll
0x00007ffd85fd0000 - 0x00007ffd85ff7000 	C:\Windows\System32\bcrypt.dll
0x00007ffd85e80000 - 0x00007ffd85eae000 	C:\Windows\SYSTEM32\USERENV.dll
0x00007ffd85980000 - 0x00007ffd8598c000 	C:\Windows\SYSTEM32\CRYPTBASE.dll
0x00007ffd853f0000 - 0x00007ffd8542b000 	C:\Windows\SYSTEM32\IPHLPAPI.DLL
0x00007ffd886a0000 - 0x00007ffd886a8000 	C:\Windows\System32\NSI.dll
0x00007ffd80880000 - 0x00007ffd80897000 	C:\Windows\SYSTEM32\dhcpcsvc6.DLL
0x00007ffd80860000 - 0x00007ffd8087d000 	C:\Windows\SYSTEM32\dhcpcsvc.DLL
0x00007ffd85430000 - 0x00007ffd854fa000 	C:\Windows\SYSTEM32\DNSAPI.dll

dbghelp: loaded successfully - version: 4.0.5 - missing functions: none
symbol engine: initialized successfully - sym options: 0x614 - pdb path: .;C:\Program Files\Java\jdk-11\bin;C:\Windows\SYSTEM32;C:\Windows\WinSxS\amd64_microsoft.windows.common-controls_6595b64144ccf1df_6.0.19041.3636_none_60b6a03d71f818d5;C:\Windows\system32\tmumh\20019\AddOn\8.55.0.1129;C:\Windows\system32\tmumh\20019\TmMon\2.9.0.1048;C:\Windows\System32\TmLWE\TmUmSnsr64\1.0.0.1123;C:\Program Files\Java\jdk-11\bin\server;C:\Users\destiny.ifehor\.gradle\native\68d5fa5c4cc2d200863cafc0d521ce42e7d3e7ee720ec0a83991735586a16f82\windows-amd64;C:\Users\destiny.ifehor\.gradle\native\e376f236ea51e6404a007f0833ffe2c6e607c4080706a723a18a27aeea778392\windows-amd64

VM Arguments:
jvm_args: -XX:MaxMetaspaceSize=512m --add-opens=java.base/java.util=ALL-UNNAMED --add-opens=java.base/java.lang=ALL-UNNAMED --add-opens=java.base/java.lang.invoke=ALL-UNNAMED --add-opens=java.prefs/java.util.prefs=ALL-UNNAMED --add-opens=java.base/java.nio.charset=ALL-UNNAMED --add-opens=java.base/java.net=ALL-UNNAMED --add-opens=java.base/java.util.concurrent.atomic=ALL-UNNAMED -Xmx2048m -Dfile.encoding=windows-1252 -Duser.country=US -Duser.language=en -Duser.variant 
java_command: org.gradle.launcher.daemon.bootstrap.GradleDaemon 8.0.1
java_class_path (initial): C:\Users\destiny.ifehor\.gradle\wrapper\dists\gradle-8.0.1-all\aro4hu1c3oeioove7l0i4i14o\gradle-8.0.1\lib\gradle-launcher-8.0.1.jar
Launcher Type: SUN_STANDARD

[Global flags]
     intx CICompilerCount                          = 4                                         {product} {ergonomic}
   size_t CompressedClassSpaceSize                 = 528482304                                 {product} {ergonomic}
     uint ConcGCThreads                            = 2                                         {product} {ergonomic}
     uint G1ConcRefinementThreads                  = 8                                         {product} {ergonomic}
   size_t G1HeapRegionSize                         = 1048576                                   {product} {ergonomic}
    uintx GCDrainStackTargetSize                   = 64                                        {product} {ergonomic}
   size_t InitialHeapSize                          = 132120576                                 {product} {ergonomic}
   size_t MarkStackSize                            = 4194304                                   {product} {ergonomic}
   size_t MaxHeapSize                              = 2147483648                                {product} {command line}
   size_t MaxMetaspaceSize                         = 536870912                                 {product} {command line}
   size_t MaxNewSize                               = 1287651328                                {product} {ergonomic}
   size_t MinHeapDeltaBytes                        = 1048576                                   {product} {ergonomic}
    uintx NonNMethodCodeHeapSize                   = 5836300                                {pd product} {ergonomic}
    uintx NonProfiledCodeHeapSize                  = 122910970                              {pd product} {ergonomic}
    uintx ProfiledCodeHeapSize                     = 122910970                              {pd product} {ergonomic}
    uintx ReservedCodeCacheSize                    = 251658240                              {pd product} {ergonomic}
     bool SegmentedCodeCache                       = true                                      {product} {ergonomic}
     bool UseCompressedClassPointers               = true                                 {lp64_product} {ergonomic}
     bool UseCompressedOops                        = true                                 {lp64_product} {ergonomic}
     bool UseG1GC                                  = true                                      {product} {ergonomic}
     bool UseLargePagesIndividualAllocation        = false                                  {pd product} {ergonomic}

Logging:
Log output configuration:
 #0: stdout all=warning uptime,level,tags
 #1: stderr all=off uptime,level,tags

Environment Variables:
JAVA_HOME=C:\Program Files\Java\jdk-11
CLASSPATH=C:\Users\destiny.ifehor\Desktop\Personal\bukinz\android\\gradle\wrapper\gradle-wrapper.jar
PATH=C:\Users\destiny.ifehor\Desktop\Personal\bukinz\node_modules\.bin;C:\Users\destiny.ifehor\Desktop\Personal\bukinz\node_modules\.bin;C:\Users\destiny.ifehor\Desktop\Personal\node_modules\.bin;C:\Users\destiny.ifehor\Desktop\node_modules\.bin;C:\Users\destiny.ifehor\node_modules\.bin;C:\Users\node_modules\.bin;C:\node_modules\.bin;C:\Program Files\nodejs\node_modules\npm\node_modules\@npmcli\run-script\lib\node-gyp-bin;C:\Users\destiny.ifehor\Desktop\Personal\bukinz\node_modules\.bin;C:\Users\destiny.ifehor\Desktop\Personal\bukinz\node_modules\.bin;C:\Users\destiny.ifehor\Desktop\Personal\node_modules\.bin;C:\Users\destiny.ifehor\Desktop\node_modules\.bin;C:\Users\destiny.ifehor\node_modules\.bin;C:\Users\node_modules\.bin;C:\node_modules\.bin;C:\Program Files\nodejs\node_modules\npm\node_modules\@npmcli\run-script\lib\node-gyp-bin;C:\Users\destiny.ifehor\bin;C:\Program Files\Git\mingw64\bin;C:\Program Files\Git\usr\local\bin;C:\Program Files\Git\usr\bin;C:\Program Files\Git\usr\bin;C:\Program Files\Git\mingw64\bin;C:\Program Files\Git\usr\bin;C:\Users\destiny.ifehor\bin;C:\Program Files\Common Files\Oracle\Java\javapath;C:\Windows\system32;C:\Windows;C:\Windows\System32\Wbem;C:\Windows\System32\WindowsPowerShell\v1.0;C:\Windows\System32\OpenSSH;C:\Program Files\Java\jdk-11.0.8\bin;C:\Program Files\Git\cmd;C:\ProgramData\chocolatey\bin;C:\Program Files\nodejs;C:\Users\destiny.ifehor\AppData\Local\Android\Sdk\tools;C:\Users\destiny.ifehor\AppData\Local\Programs\Python\Python310\Scripts;C:\Users\destiny.ifehor\AppData\Local\Programs\Python\Python310;C:\Users\destiny.ifehor\AppData\Local\Microsoft\WindowsApps;C:\Users\destiny.ifehor\AppData\Local\Programs\Microsoft VS Code\bin;C:\Users\destiny.ifehor\AppData\Roaming\npm;C:\Users\destiny.ifehor\AppData\Local\Android\Sdk\platform-tools;C:\Program Files\Git\usr\bin\vendor_perl;C:\Program Files\Git\usr\bin\core_perl
USERNAME=Destiny.Ifehor
SHELL=C:\Program Files\Git\usr\bin\bash.exe
DISPLAY=needs-to-be-defined
OS=Windows_NT
PROCESSOR_IDENTIFIER=Intel64 Family 6 Model 142 Stepping 12, GenuineIntel



---------------  S Y S T E M  ---------------

OS: Windows 10 , 64 bit Build 19041 (10.0.19041.3636)

CPU:total 8 (initial active 8) (4 cores per cpu, 2 threads per core) family 6 model 142 stepping 12 microcode 0xea, cmov, cx8, fxsr, mmx, sse, sse2, sse3, ssse3, sse4.1, sse4.2, popcnt, avx, avx2, aes, clmul, erms, 3dnowpref, lzcnt, ht, tsc, tscinvbit, bmi1, bmi2, adx, fma

Memory: 4k page, system-wide physical 7942M (386M free)
TotalPageFile size 32518M (AvailPageFile size 0M)
current process WorkingSet (physical memory assigned to process): 252M, peak: 252M
current process commit charge ("private bytes"): 327M, peak: 327M

vm_info: Java HotSpot(TM) 64-Bit Server VM (11.0.18+9-LTS-195) for windows-amd64 JRE (11.0.18+9-LTS-195), built on Dec  6 2022 15:50:58 by "mach5one" with MS VC++ 17.1 (VS2022)

END.
